2026-07-23 03:00:59 - ramonosorio - BIENVENIDO A LA BITACORA DE REGISTRO DEL SISTEMA
2026-07-23 03:01:13 - ramonosorio - Salida del sistema
2026-07-23 03:24:04 - ramonosorio - BIENVENIDO A LA BITACORA DE REGISTRO DEL SISTEMA
2026-07-23 03:24:08 - ramonosorio - Acceso a modulo de usuarios
2026-07-23 03:24:18 - ramonosorio - Salida del sistema
2026-07-23 03:30:09 - ramonosorio - BIENVENIDO A LA BITACORA DE REGISTRO DEL SISTEMA
2026-07-23 - 04:07:39 - ramonosorio - msj
2026-07-23 - 04:13:51 - ramonosorio - msj
2026-07-23 - 04:13:53 - ramonosorio - msj
2026-07-23 - 04:13:57 - ramonosorio - msj
2026-07-23 - 04:32:07 - ramonosorio - BIENVENIDO A LA BITACORA DE REGISTRO DEL SISTEMA
2026-07-23 - 04:32:10 - ramonosorio - Acceso a modulo de usuarios
2026-07-23 - 04:32:15 - ramonosorio - Salida del sistema
2026-07-23 - 04:35:00 - ramonosorio - BIENVENIDO A LA BITACORA DE REGISTRO DEL SISTEMA PRUEBA
2026-07-23 - 04:35:04 - ramonosorio - Acceso a modulo de usuarios
2026-07-23 - 04:35:06 - ramonosorio - Salida del sistema
2026-07-23 - 05:47:06 - ramonosorio - BIENVENIDO A LA BITACORA DE REGISTRO DEL SISTEMA
2026-07-23 - 05:51:21 - ramonosorio - BIENVENIDO A LA BITACORA DE REGISTRO DEL SISTEMA
2026-07-23 - 05:51:22 - ramonosorio - Acceso a modulo de usuarios
2026-07-23 - 05:52:26 - ramonosorio - BIENVENIDO A LA BITACORA DE REGISTRO DEL SISTEMA
2026-07-23 - 05:52:29 - ramonosorio - Acceso a modulo de usuarios
2026-07-23 - 05:53:39 - root - BIENVENIDO A LA BITACORA DE REGISTRO DEL SISTEMA
2026-07-23 - 05:54:04 - root - Acceso a modulo de usuarios
2026-07-23 - 05:54:30 - root - Acceso a modulo de usuarios
2026-07-23 - 05:54:41 - root - Acceso a modulo de usuarios
2026-07-23 - 05:55:11 - root - Acceso a modulo de usuarios
2026-07-23 - 05:55:16 - root - Salida del sistema
2026-07-23 - 14:51:22 - ramonosorio - BIENVENIDO A LA BITACORA DE REGISTRO DEL SISTEMA
2026-07-23 - 14:51:26 - ramonosorio - Salida del sistema
2026-07-23 - 14:51:52 - ramonosorio - BIENVENIDO A LA BITACORA DE REGISTRO DEL SISTEMA
2026-07-23 - 14:51:53 - ramonosorio - Acceso a modulo de usuarios
2026-07-23 - 14:52:04 - ramonosorio - Salida del sistema
2026-07-23 - 14:52:37 - ramonosorio - BIENVENIDO A LA BITACORA DE REGISTRO DEL SISTEMA
2026-07-23 - 14:52:38 - ramonosorio - Acceso a modulo de usuarios
2026-07-23 - 14:58:45 - ramonosorio - BIENVENIDO A LA BITACORA DE REGISTRO DEL SISTEMA
2026-07-23 - 14:58:47 - ramonosorio - Acceso a modulo de usuarios
2026-07-23 - 15:04:38 - ramonosorio - BIENVENIDO A LA BITACORA DE REGISTRO DEL SISTEMA
2026-07-23 - 15:04:40 - ramonosorio - Acceso a modulo de usuarios
2026-07-23 - 15:10:41 - ramonosorio - BIENVENIDO A LA BITACORA DE REGISTRO DEL SISTEMA
2026-07-23 - 15:10:43 - ramonosorio - Acceso a modulo de usuarios
2026-07-23 - 15:11:37 - ramonosorio - BIENVENIDO A LA BITACORA DE REGISTRO DEL SISTEMA
2026-07-23 - 15:11:39 - ramonosorio - Acceso a modulo de usuarios
2026-07-23 - 15:11:56 - root - BIENVENIDO A LA BITACORA DE REGISTRO DEL SISTEMA
2026-07-23 - 15:12:14 - root - Se creo el grupo 'Grupo1'
2026-07-23 - 15:12:14 - root - Acceso a modulo de usuarios
2026-07-23 - 15:13:17 - ramonosorio - BIENVENIDO A LA BITACORA DE REGISTRO DEL SISTEMA
2026-07-23 - 15:13:19 - ramonosorio - Acceso a modulo de usuarios
2026-07-23 - 15:14:21 - ramonosorio - BIENVENIDO A LA BITACORA DE REGISTRO DEL SISTEMA
2026-07-23 - 15:14:23 - ramonosorio - Acceso a modulo de usuarios
2026-07-23 - 15:14:31 - root - BIENVENIDO A LA BITACORA DE REGISTRO DEL SISTEMA
2026-07-23 - 15:14:41 - root - Acceso a modulo de usuarios
2026-07-23 - 15:16:04 - ramonosorio - BIENVENIDO A LA BITACORA DE REGISTRO DEL SISTEMA
2026-07-23 - 15:16:06 - ramonosorio - Acceso a modulo de usuarios
2026-07-23 - 15:24:34 - ramonosorio - BIENVENIDO A LA BITACORA DE REGISTRO DEL SISTEMA
2026-07-23 - 15:24:36 - ramonosorio - Acceso a modulo de usuarios
2026-07-23 - 15:26:13 - ramonosorio - BIENVENIDO A LA BITACORA DE REGISTRO DEL SISTEMA
2026-07-23 - 15:26:14 - ramonosorio - Acceso a modulo de usuarios
2026-07-23 - 16:01:20 - ramonosorio - BIENVENIDO A LA BITACORA DE REGISTRO DEL SISTEMA
2026-07-23 - 16:01:22 - ramonosorio - Acceso a modulo de usuarios
2026-07-23 - 16:04:18 - ramonosorio - BIENVENIDO A LA BITACORA DE REGISTRO DEL SISTEMA
2026-07-23 - 16:04:19 - ramonosorio - Acceso a modulo de usuarios
2026-07-23 - 16:07:01 - ramonosorio - BIENVENIDO A LA BITACORA DE REGISTRO DEL SISTEMA
2026-07-23 - 16:07:03 - ramonosorio - Acceso a modulo de usuarios
2026-07-23 - 16:10:03 - ramonosorio - BIENVENIDO A LA BITACORA DE REGISTRO DEL SISTEMA
2026-07-23 - 16:10:04 - ramonosorio - Acceso a modulo de usuarios
2026-07-23 - 16:18:08 - ramonosorio - BIENVENIDO A LA BITACORA DE REGISTRO DEL SISTEMA
2026-07-23 - 16:18:10 - ramonosorio - Acceso a modulo de usuarios
2026-07-23 - 16:28:46 - ramonosorio - BIENVENIDO A LA BITACORA DE REGISTRO DEL SISTEMA
2026-07-23 - 16:28:48 - ramonosorio - Acceso a modulo de usuarios
2026-07-23 - 16:33:17 - ramonosorio - BIENVENIDO A LA BITACORA DE REGISTRO DEL SISTEMA
2026-07-23 - 16:33:18 - ramonosorio - Acceso a modulo de usuarios
2026-07-23 - 16:34:04 - ramonosorio - BIENVENIDO A LA BITACORA DE REGISTRO DEL SISTEMA
2026-07-23 - 16:34:05 - ramonosorio - Acceso a modulo de usuarios
2026-07-23 - 16:36:19 - ramonosorio - BIENVENIDO A LA BITACORA DE REGISTRO DEL SISTEMA
2026-07-23 - 16:36:56 - ramonosorio - BIENVENIDO A LA BITACORA DE REGISTRO DEL SISTEMA
2026-07-23 - 16:37:12 - root - BIENVENIDO A LA BITACORA DE REGISTRO DEL SISTEMA
2026-07-23 - 16:37:42 - ramonosorio - BIENVENIDO A LA BITACORA DE REGISTRO DEL SISTEMA
2026-07-23 - 16:39:46 - ramonosorio - BIENVENIDO A LA BITACORA DE REGISTRO DEL SISTEMA
2026-07-23 - 16:40:21 - ramonosorio - BIENVENIDO A LA BITACORA DE REGISTRO DEL SISTEMA
2026-07-23 - 16:40:24 - ramonosorio - Acceso a modulo de usuarios
2026-07-23 - 16:42:04 - ramonosorio - BIENVENIDO A LA BITACORA DE REGISTRO DEL SISTEMA
2026-07-23 - 16:42:06 - ramonosorio - Acceso a modulo de usuarios
2026-07-23 - 16:43:25 - ramonosorio - BIENVENIDO A LA BITACORA DE REGISTRO DEL SISTEMA
2026-07-23 - 16:43:26 - ramonosorio - Acceso a modulo de usuarios
2026-07-23 - 16:45:16 - ramonosorio - BIENVENIDO A LA BITACORA DE REGISTRO DEL SISTEMA
2026-07-23 - 16:45:17 - ramonosorio - Acceso a modulo de usuarios
2026-07-23 - 16:45:37 - ramonosorio - BIENVENIDO A LA BITACORA DE REGISTRO DEL SISTEMA
2026-07-23 - 16:49:12 - ramonosorio - BIENVENIDO A LA BITACORA DE REGISTRO DEL SISTEMA
2026-07-23 - 16:49:13 - ramonosorio - Acceso a modulo de usuarios
2026-07-23 - 17:51:00 - ramonosorio - Acceso a modulo de usuarios
2026-07-23 - 18:25:55 - ramonosorio - BIENVENIDO A LA BITACORA DE REGISTRO DEL SISTEMA
2026-07-23 - 18:26:02 - ramonosorio - Acceso a modulo de usuarios
